Using pre-set license
Built from '2021.3/staging' branch; Version is '2021.3.18f1 (3129e69bc0c7) revision 3221990'; Using compiler version '192829333'; Build Type 'Release'
OS: 'Windows 11  (10.0.22621) 64bit Professional' Language: 'es' Physical Memory: 8089 MB
BatchMode: 1, IsHumanControllingUs: 0, StartBugReporterOnCrash: 0, Is64bit: 1, IsPro: 1

COMMAND LINE ARGUMENTS:
C:\Program Files\Unity\Hub\Editor\2021.3.18f1\Editor\Unity.exe
-adb2
-batchMode
-noUpm
-name
AssetImportWorker3
-projectPath
C:/Users/sinle/Downloads/Avance-1-main/Avance 1
-logFile
Logs/AssetImportWorker3.log
-srvPort
55742
Successfully changed project path to: C:/Users/sinle/Downloads/Avance-1-main/Avance 1
C:/Users/sinle/Downloads/Avance-1-main/Avance 1
[UnityMemory] Configuration Parameters - Can be set up in boot.config
    "memorysetup-bucket-allocator-granularity=16"
    "memorysetup-bucket-allocator-bucket-count=8"
    "memorysetup-bucket-allocator-block-size=33554432"
    "memorysetup-bucket-allocator-block-count=8"
    "memorysetup-main-allocator-block-size=16777216"
    "memorysetup-thread-allocator-block-size=16777216"
    "memorysetup-gfx-main-allocator-block-size=16777216"
    "memorysetup-gfx-thread-allocator-block-size=16777216"
    "memorysetup-cache-allocator-block-size=4194304"
    "memorysetup-typetree-allocator-block-size=2097152"
    "memorysetup-profiler-bucket-allocator-granularity=16"
    "memorysetup-profiler-bucket-allocator-bucket-count=8"
    "memorysetup-profiler-bucket-allocator-block-size=33554432"
    "memorysetup-profiler-bucket-allocator-block-count=8"
    "memorysetup-profiler-allocator-block-size=16777216"
    "memorysetup-profiler-editor-allocator-block-size=1048576"
    "memorysetup-temp-allocator-size-main=16777216"
    "memorysetup-job-temp-allocator-block-size=2097152"
    "memorysetup-job-temp-allocator-block-size-background=1048576"
    "memorysetup-job-temp-allocator-reduction-small-platforms=262144"
    "memorysetup-temp-allocator-size-background-worker=32768"
    "memorysetup-temp-allocator-size-job-worker=262144"
    "memorysetup-temp-allocator-size-preload-manager=33554432"
    "memorysetup-temp-allocator-size-nav-mesh-worker=65536"
    "memorysetup-temp-allocator-size-audio-worker=65536"
    "memorysetup-temp-allocator-size-cloud-worker=32768"
    "memorysetup-temp-allocator-size-gi-baking-worker=262144"
    "memorysetup-temp-allocator-size-gfx=262144"
Player connection [13708] Host "[IP] 172.19.80.1 [Port] 0 [Flags] 2 [Guid] 3542184091 [EditorId] 3542184091 [Version] 1048832 [Id] WindowsEditor(7,LEVIN) [Debug] 1 [PackageName] WindowsEditor [ProjectName] Editor" joined multi-casting on [225.0.0.222:54997]...

Player connection [13708] Host "[IP] 172.19.80.1 [Port] 0 [Flags] 2 [Guid] 3542184091 [EditorId] 3542184091 [Version] 1048832 [Id] WindowsEditor(7,LEVIN) [Debug] 1 [PackageName] WindowsEditor [ProjectName] Editor" joined alternative multi-casting on [225.0.0.222:34997]...

Refreshing native plugins compatible for Editor in 231.07 ms, found 3 plugins.
Preloading 0 native plugins for Editor in 0.00 ms.
Initialize engine version: 2021.3.18f1 (3129e69bc0c7)
[Subsystems] Discovering subsystems at path C:/Program Files/Unity/Hub/Editor/2021.3.18f1/Editor/Data/Resources/UnitySubsystems
[Subsystems] Discovering subsystems at path C:/Users/sinle/Downloads/Avance-1-main/Avance 1/Assets
GfxDevice: creating device client; threaded=0; jobified=0
Direct3D:
    Version:  Direct3D 11.0 [level 11.1]
    Renderer: AMD Radeon (TM) HD 8500M/8700M (ID=0x6601)
    Vendor:   ATI
    VRAM:     1004 MB
    Driver:   27.20.20912.1002
Initialize mono
Mono path[0] = 'C:/Program Files/Unity/Hub/Editor/2021.3.18f1/Editor/Data/Managed'
Mono path[1] = 'C:/Program Files/Unity/Hub/Editor/2021.3.18f1/Editor/Data/MonoBleedingEdge/lib/mono/unityjit-win32'
Mono config path = 'C:/Program Files/Unity/Hub/Editor/2021.3.18f1/Editor/Data/MonoBleedingEdge/etc'
Using monoOptions --debugger-agent=transport=dt_socket,embedding=1,server=y,suspend=n,address=127.0.0.1:56756
Begin MonoManager ReloadAssembly
Registering precompiled unity dll's ...
Register platform support module: C:/Program Files/Unity/Hub/Editor/2021.3.18f1/Editor/Data/PlaybackEngines/WindowsStandaloneSupport/UnityEditor.WindowsStandalone.Extensions.dll
Registered in 0.007120 seconds.
Native extension for WindowsStandalone target not found
Refreshing native plugins compatible for Editor in 122.73 ms, found 3 plugins.
Preloading 0 native plugins for Editor in 0.00 ms.
Mono: successfully reloaded assembly
- Completed reload, in  1.255 seconds
Domain Reload Profiling:
	ReloadAssembly (1256ms)
		BeginReloadAssembly (254ms)
			ExecutionOrderSort (0ms)
			DisableScriptedObjects (0ms)
			BackupInstance (0ms)
			ReleaseScriptingObjects (0ms)
			CreateAndSetChildDomain (2ms)
		EndReloadAssembly (751ms)
			LoadAssemblies (247ms)
			RebuildTransferFunctionScriptingTraits (0ms)
			SetupTypeCache (203ms)
			ReleaseScriptCaches (0ms)
			RebuildScriptCaches (54ms)
			SetupLoadedEditorAssemblies (408ms)
				LogAssemblyErrors (0ms)
				InitializePlatformSupportModulesInManaged (11ms)
				SetLoadedEditorAssemblies (0ms)
				RefreshPlugins (123ms)
				BeforeProcessingInitializeOnLoad (2ms)
				ProcessInitializeOnLoadAttributes (192ms)
				ProcessInitializeOnLoadMethodAttributes (79ms)
				AfterProcessingInitializeOnLoad (0ms)
				EditorAssembliesLoaded (0ms)
			ExecutionOrderSort2 (0ms)
			AwakeInstancesAfterBackupRestoration (0ms)
Platform modules already initialized, skipping
Registering precompiled user dll's ...
Registered in 0.008563 seconds.
Begin MonoManager ReloadAssembly
Symbol file LoadedFromMemory doesn't match image C:\Users\sinle\Downloads\Avance-1-main\Avance 1\Library\PackageCache\com.unity.visualscripting@1.8.0\Editor\VisualScripting.Core\Dependencies\YamlDotNet\Unity.VisualScripting.YamlDotNet.dll
Symbol file LoadedFromMemory doesn't match image C:\Users\sinle\Downloads\Avance-1-main\Avance 1\Library\PackageCache\com.unity.visualscripting@1.8.0\Editor\VisualScripting.Core\Dependencies\DotNetZip\Unity.VisualScripting.IonicZip.dll
Native extension for WindowsStandalone target not found
Refreshing native plugins compatible for Editor in 0.89 ms, found 3 plugins.
Preloading 0 native plugins for Editor in 0.00 ms.
Mono: successfully reloaded assembly
- Completed reload, in  1.758 seconds
Domain Reload Profiling:
	ReloadAssembly (1760ms)
		BeginReloadAssembly (213ms)
			ExecutionOrderSort (0ms)
			DisableScriptedObjects (9ms)
			BackupInstance (0ms)
			ReleaseScriptingObjects (0ms)
			CreateAndSetChildDomain (37ms)
		EndReloadAssembly (1350ms)
			LoadAssemblies (148ms)
			RebuildTransferFunctionScriptingTraits (0ms)
			SetupTypeCache (450ms)
			ReleaseScriptCaches (1ms)
			RebuildScriptCaches (82ms)
			SetupLoadedEditorAssemblies (643ms)
				LogAssemblyErrors (0ms)
				InitializePlatformSupportModulesInManaged (7ms)
				SetLoadedEditorAssemblies (1ms)
				RefreshPlugins (1ms)
				BeforeProcessingInitializeOnLoad (185ms)
				ProcessInitializeOnLoadAttributes (402ms)
				ProcessInitializeOnLoadMethodAttributes (38ms)
				AfterProcessingInitializeOnLoad (8ms)
				EditorAssembliesLoaded (0ms)
			ExecutionOrderSort2 (0ms)
			AwakeInstancesAfterBackupRestoration (11ms)
Platform modules already initialized, skipping
========================================================================
Worker process is ready to serve import requests
Launched and connected shader compiler UnityShaderCompiler.exe after 0.07 seconds
Refreshing native plugins compatible for Editor in 0.94 ms, found 3 plugins.
Preloading 0 native plugins for Editor in 0.00 ms.
Unloading 3049 Unused Serialized files (Serialized files now loaded: 0)
Unloading 24 unused Assets / (113.6 KB). Loaded Objects now: 3512.
Memory consumption went from 107.9 MB to 107.8 MB.
Total: 4.823300 ms (FindLiveObjects: 0.390500 ms CreateObjectMapping: 0.382600 ms MarkObjects: 3.894500 ms  DeleteObjects: 0.154100 ms)

AssetImportParameters requested are different than current active one (requested -> active):
  custom:video-decoder-ogg-theora: a1e56fd34408186e4bbccfd4996cb3dc -> 
  custom:container-muxer-webm: aa71ff27fc2769a1b78a27578f13a17b -> 
  custom:container-demuxer-webm: 4f35f7cbe854078d1ac9338744f61a02 -> 
  custom:video-encoder-webm-vp8: eb34c28f22e8b96e1ab97ce403110664 -> 
  custom:video-codec-MediaFoundation-h265: 746d11721c4dcdbdad8f713fa42b33f4 -> 
  custom:audio-encoder-webm-vorbis: bf7c407c2cedff20999df2af8eb42d56 -> 
  custom:framework-win-MediaFoundation: 216162199b28c13a410421893ffa2e32 -> 
  custom:container-demuxer-ogg: 62fdf1f143b41e24485cea50d1cbac27 -> 
  custom:video-decoder-webm-vp8: 9c59270c3fd7afecdb556c50c9e8de78 -> 
  custom:audio-decoder-ogg-vorbis: bf7c407c2cedff20999df2af8eb42d56 -> 
========================================================================
Received Import Request.
  Time since last request: 6791.612715 seconds.
  path: Assets/Sci-Fi Styled Modular Pack/Prefabs/Extended Primitives/Cube_2x2_extended.prefab
  artifactKey: Guid(6e1e6e01e60af9e4abae4d324b854198) Importer(815301076,1909f56bfc062723c751e8b465ee728b)
Start importing Assets/Sci-Fi Styled Modular Pack/Prefabs/Extended Primitives/Cube_2x2_extended.prefab using Guid(6e1e6e01e60af9e4abae4d324b854198) Importer(815301076,1909f56bfc062723c751e8b465ee728b)  -> (artifact id: '950da04ac9f8fe36bf8c445f7ff14399') in 0.553727 seconds 
========================================================================
Received Import Request.
  Time since last request: 4.088014 seconds.
  path: Assets/Sci-Fi Styled Modular Pack/Prefabs/Floors/floor_2_blank.prefab
  artifactKey: Guid(69b3d20c177508d43a1c6f09b448d3ea) Importer(815301076,1909f56bfc062723c751e8b465ee728b)
Start importing Assets/Sci-Fi Styled Modular Pack/Prefabs/Floors/floor_2_blank.prefab using Guid(69b3d20c177508d43a1c6f09b448d3ea) Importer(815301076,1909f56bfc062723c751e8b465ee728b)  -> (artifact id: '5f8d1c4efbbc942e8f2582edf86a0e15') in 0.070772 seconds 
========================================================================
Received Import Request.
  Time since last request: 0.000041 seconds.
  path: Assets/Sci-Fi Styled Modular Pack/Prefabs/Floors/floor_3.prefab
  artifactKey: Guid(a185d2c8149cc7d45a8bc91951812dc1) Importer(815301076,1909f56bfc062723c751e8b465ee728b)
Start importing Assets/Sci-Fi Styled Modular Pack/Prefabs/Floors/floor_3.prefab using Guid(a185d2c8149cc7d45a8bc91951812dc1) Importer(815301076,1909f56bfc062723c751e8b465ee728b)  -> (artifact id: '69d26b7c6edb0a9d4bd1e51159e96d50') in 0.078566 seconds 
========================================================================
Received Import Request.
  Time since last request: 0.000192 seconds.
  path: Assets/Sci-Fi Styled Modular Pack/Prefabs/Floors/floor_2_no_lattice.prefab
  artifactKey: Guid(4e32615977c0a9f4688fa0d66b0a93e5) Importer(815301076,1909f56bfc062723c751e8b465ee728b)
Start importing Assets/Sci-Fi Styled Modular Pack/Prefabs/Floors/floor_2_no_lattice.prefab using Guid(4e32615977c0a9f4688fa0d66b0a93e5) Importer(815301076,1909f56bfc062723c751e8b465ee728b)  -> (artifact id: 'e1a01ee70eea7c70461c5e0cfa33c23b') in 0.142473 seconds 
========================================================================
Received Prepare
Registering precompiled user dll's ...
Registered in 0.018733 seconds.
Begin MonoManager ReloadAssembly
Symbol file LoadedFromMemory doesn't match image C:\Users\sinle\Downloads\Avance-1-main\Avance 1\Library\PackageCache\com.unity.visualscripting@1.8.0\Editor\VisualScripting.Core\Dependencies\YamlDotNet\Unity.VisualScripting.YamlDotNet.dll
Symbol file LoadedFromMemory doesn't match image C:\Users\sinle\Downloads\Avance-1-main\Avance 1\Library\PackageCache\com.unity.visualscripting@1.8.0\Editor\VisualScripting.Core\Dependencies\DotNetZip\Unity.VisualScripting.IonicZip.dll
Native extension for WindowsStandalone target not found
Refreshing native plugins compatible for Editor in 12.07 ms, found 3 plugins.
Preloading 0 native plugins for Editor in 0.00 ms.
Mono: successfully reloaded assembly
- Completed reload, in  8.830 seconds
Domain Reload Profiling:
	ReloadAssembly (8832ms)
		BeginReloadAssembly (944ms)
			ExecutionOrderSort (0ms)
			DisableScriptedObjects (60ms)
			BackupInstance (0ms)
			ReleaseScriptingObjects (0ms)
			CreateAndSetChildDomain (232ms)
		EndReloadAssembly (6999ms)
			LoadAssemblies (755ms)
			RebuildTransferFunctionScriptingTraits (0ms)
			SetupTypeCache (2558ms)
			ReleaseScriptCaches (8ms)
			RebuildScriptCaches (291ms)
			SetupLoadedEditorAssemblies (2686ms)
				LogAssemblyErrors (0ms)
				InitializePlatformSupportModulesInManaged (64ms)
				SetLoadedEditorAssemblies (1ms)
				RefreshPlugins (12ms)
				BeforeProcessingInitializeOnLoad (702ms)
				ProcessInitializeOnLoadAttributes (1706ms)
				ProcessInitializeOnLoadMethodAttributes (166ms)
				AfterProcessingInitializeOnLoad (35ms)
				EditorAssembliesLoaded (0ms)
			ExecutionOrderSort2 (0ms)
			AwakeInstancesAfterBackupRestoration (49ms)
Platform modules already initialized, skipping
Refreshing native plugins compatible for Editor in 2.31 ms, found 3 plugins.
Preloading 0 native plugins for Editor in 0.00 ms.
Unloading 3044 Unused Serialized files (Serialized files now loaded: 0)
Unloading 17 unused Assets / (79.8 KB). Loaded Objects now: 3523.
Memory consumption went from 112.1 MB to 112.0 MB.
Total: 4.440400 ms (FindLiveObjects: 0.317400 ms CreateObjectMapping: 0.280000 ms MarkObjects: 3.676500 ms  DeleteObjects: 0.164900 ms)

AssetImportParameters requested are different than current active one (requested -> active):
  custom:video-decoder-ogg-theora: a1e56fd34408186e4bbccfd4996cb3dc -> 
  custom:container-muxer-webm: aa71ff27fc2769a1b78a27578f13a17b -> 
  custom:container-demuxer-webm: 4f35f7cbe854078d1ac9338744f61a02 -> 
  custom:video-encoder-webm-vp8: eb34c28f22e8b96e1ab97ce403110664 -> 
  custom:video-codec-MediaFoundation-h265: 746d11721c4dcdbdad8f713fa42b33f4 -> 
  custom:audio-encoder-webm-vorbis: bf7c407c2cedff20999df2af8eb42d56 -> 
  custom:framework-win-MediaFoundation: 216162199b28c13a410421893ffa2e32 -> 
  custom:container-demuxer-ogg: 62fdf1f143b41e24485cea50d1cbac27 -> 
  custom:video-decoder-webm-vp8: 9c59270c3fd7afecdb556c50c9e8de78 -> 
  custom:audio-decoder-ogg-vorbis: bf7c407c2cedff20999df2af8eb42d56 -> 
========================================================================
Received Prepare
Registering precompiled user dll's ...
Registered in 0.007442 seconds.
Begin MonoManager ReloadAssembly
Symbol file LoadedFromMemory doesn't match image C:\Users\sinle\Downloads\Avance-1-main\Avance 1\Library\PackageCache\com.unity.visualscripting@1.8.0\Editor\VisualScripting.Core\Dependencies\YamlDotNet\Unity.VisualScripting.YamlDotNet.dll
Symbol file LoadedFromMemory doesn't match image C:\Users\sinle\Downloads\Avance-1-main\Avance 1\Library\PackageCache\com.unity.visualscripting@1.8.0\Editor\VisualScripting.Core\Dependencies\DotNetZip\Unity.VisualScripting.IonicZip.dll
Native extension for WindowsStandalone target not found
Refreshing native plugins compatible for Editor in 2.46 ms, found 3 plugins.
Preloading 0 native plugins for Editor in 0.00 ms.
Mono: successfully reloaded assembly
- Completed reload, in  5.550 seconds
Domain Reload Profiling:
	ReloadAssembly (5551ms)
		BeginReloadAssembly (405ms)
			ExecutionOrderSort (0ms)
			DisableScriptedObjects (12ms)
			BackupInstance (0ms)
			ReleaseScriptingObjects (0ms)
			CreateAndSetChildDomain (69ms)
		EndReloadAssembly (4767ms)
			LoadAssemblies (311ms)
			RebuildTransferFunctionScriptingTraits (0ms)
			SetupTypeCache (1485ms)
			ReleaseScriptCaches (6ms)
			RebuildScriptCaches (507ms)
			SetupLoadedEditorAssemblies (1949ms)
				LogAssemblyErrors (0ms)
				InitializePlatformSupportModulesInManaged (62ms)
				SetLoadedEditorAssemblies (1ms)
				RefreshPlugins (3ms)
				BeforeProcessingInitializeOnLoad (314ms)
				ProcessInitializeOnLoadAttributes (1299ms)
				ProcessInitializeOnLoadMethodAttributes (121ms)
				AfterProcessingInitializeOnLoad (148ms)
				EditorAssembliesLoaded (1ms)
			ExecutionOrderSort2 (0ms)
			AwakeInstancesAfterBackupRestoration (142ms)
Platform modules already initialized, skipping
Refreshing native plugins compatible for Editor in 28.40 ms, found 3 plugins.
Preloading 0 native plugins for Editor in 0.00 ms.
Unloading 3044 Unused Serialized files (Serialized files now loaded: 0)
Unloading 17 unused Assets / (79.9 KB). Loaded Objects now: 3526.
Memory consumption went from 112.1 MB to 112.0 MB.
Total: 17.275500 ms (FindLiveObjects: 1.277600 ms CreateObjectMapping: 2.277700 ms MarkObjects: 13.551300 ms  DeleteObjects: 0.166000 ms)

AssetImportParameters requested are different than current active one (requested -> active):
  custom:video-decoder-ogg-theora: a1e56fd34408186e4bbccfd4996cb3dc -> 
  custom:container-muxer-webm: aa71ff27fc2769a1b78a27578f13a17b -> 
  custom:container-demuxer-webm: 4f35f7cbe854078d1ac9338744f61a02 -> 
  custom:video-encoder-webm-vp8: eb34c28f22e8b96e1ab97ce403110664 -> 
  custom:video-codec-MediaFoundation-h265: 746d11721c4dcdbdad8f713fa42b33f4 -> 
  custom:audio-encoder-webm-vorbis: bf7c407c2cedff20999df2af8eb42d56 -> 
  custom:framework-win-MediaFoundation: 216162199b28c13a410421893ffa2e32 -> 
  custom:container-demuxer-ogg: 62fdf1f143b41e24485cea50d1cbac27 -> 
  custom:video-decoder-webm-vp8: 9c59270c3fd7afecdb556c50c9e8de78 -> 
  custom:audio-decoder-ogg-vorbis: bf7c407c2cedff20999df2af8eb42d56 -> 
========================================================================
Received Prepare
Registering precompiled user dll's ...
Registered in 0.007800 seconds.
Begin MonoManager ReloadAssembly
Symbol file LoadedFromMemory doesn't match image C:\Users\sinle\Downloads\Avance-1-main\Avance 1\Library\PackageCache\com.unity.visualscripting@1.8.0\Editor\VisualScripting.Core\Dependencies\YamlDotNet\Unity.VisualScripting.YamlDotNet.dll
Symbol file LoadedFromMemory doesn't match image C:\Users\sinle\Downloads\Avance-1-main\Avance 1\Library\PackageCache\com.unity.visualscripting@1.8.0\Editor\VisualScripting.Core\Dependencies\DotNetZip\Unity.VisualScripting.IonicZip.dll
Native extension for WindowsStandalone target not found
Refreshing native plugins compatible for Editor in 8.17 ms, found 3 plugins.
Preloading 0 native plugins for Editor in 0.00 ms.
Mono: successfully reloaded assembly
- Completed reload, in  5.504 seconds
Domain Reload Profiling:
	ReloadAssembly (5507ms)
		BeginReloadAssembly (304ms)
			ExecutionOrderSort (0ms)
			DisableScriptedObjects (17ms)
			BackupInstance (0ms)
			ReleaseScriptingObjects (0ms)
			CreateAndSetChildDomain (93ms)
		EndReloadAssembly (4822ms)
			LoadAssemblies (179ms)
			RebuildTransferFunctionScriptingTraits (0ms)
			SetupTypeCache (1770ms)
			ReleaseScriptCaches (4ms)
			RebuildScriptCaches (559ms)
			SetupLoadedEditorAssemblies (1647ms)
				LogAssemblyErrors (0ms)
				InitializePlatformSupportModulesInManaged (55ms)
				SetLoadedEditorAssemblies (1ms)
				RefreshPlugins (9ms)
				BeforeProcessingInitializeOnLoad (270ms)
				ProcessInitializeOnLoadAttributes (1117ms)
				ProcessInitializeOnLoadMethodAttributes (167ms)
				AfterProcessingInitializeOnLoad (28ms)
				EditorAssembliesLoaded (0ms)
			ExecutionOrderSort2 (0ms)
			AwakeInstancesAfterBackupRestoration (52ms)
Platform modules already initialized, skipping
Refreshing native plugins compatible for Editor in 13.63 ms, found 3 plugins.
Preloading 0 native plugins for Editor in 0.00 ms.
Unloading 3044 Unused Serialized files (Serialized files now loaded: 0)
Unloading 17 unused Assets / (79.8 KB). Loaded Objects now: 3529.
Memory consumption went from 112.1 MB to 112.0 MB.
Total: 128.079800 ms (FindLiveObjects: 3.576100 ms CreateObjectMapping: 3.201800 ms MarkObjects: 120.389000 ms  DeleteObjects: 0.910000 ms)

AssetImportParameters requested are different than current active one (requested -> active):
  custom:video-decoder-ogg-theora: a1e56fd34408186e4bbccfd4996cb3dc -> 
  custom:container-muxer-webm: aa71ff27fc2769a1b78a27578f13a17b -> 
  custom:container-demuxer-webm: 4f35f7cbe854078d1ac9338744f61a02 -> 
  custom:video-encoder-webm-vp8: eb34c28f22e8b96e1ab97ce403110664 -> 
  custom:video-codec-MediaFoundation-h265: 746d11721c4dcdbdad8f713fa42b33f4 -> 
  custom:audio-encoder-webm-vorbis: bf7c407c2cedff20999df2af8eb42d56 -> 
  custom:framework-win-MediaFoundation: 216162199b28c13a410421893ffa2e32 -> 
  custom:container-demuxer-ogg: 62fdf1f143b41e24485cea50d1cbac27 -> 
  custom:video-decoder-webm-vp8: 9c59270c3fd7afecdb556c50c9e8de78 -> 
  custom:audio-decoder-ogg-vorbis: bf7c407c2cedff20999df2af8eb42d56 -> 
========================================================================
Received Import Request.
  Time since last request: 1923.191716 seconds.
  path: Assets/Sci-Fi Styled Modular Pack/Prefabs/Joints/Joint_X_6.prefab
  artifactKey: Guid(9d71973b94dc7364a8a8c7cd0a62b082) Importer(815301076,1909f56bfc062723c751e8b465ee728b)
Start importing Assets/Sci-Fi Styled Modular Pack/Prefabs/Joints/Joint_X_6.prefab using Guid(9d71973b94dc7364a8a8c7cd0a62b082) Importer(815301076,1909f56bfc062723c751e8b465ee728b)  -> (artifact id: '165b22a707a340246003fdf136b7d92e') in 0.401595 seconds 
========================================================================
Received Import Request.
  Time since last request: 0.000079 seconds.
  path: Assets/Sci-Fi Styled Modular Pack/Prefabs/Joints/Joint_Y_6.prefab
  artifactKey: Guid(a7e2f529ec077f5449e53f9dd39452fe) Importer(815301076,1909f56bfc062723c751e8b465ee728b)
Start importing Assets/Sci-Fi Styled Modular Pack/Prefabs/Joints/Joint_Y_6.prefab using Guid(a7e2f529ec077f5449e53f9dd39452fe) Importer(815301076,1909f56bfc062723c751e8b465ee728b)  -> (artifact id: '9edb0e11dd753e7394ff7514b299f5fe') in 0.045844 seconds 
========================================================================
Received Import Request.
  Time since last request: 2.124492 seconds.
  path: Assets/Sci-Fi Styled Modular Pack/Prefabs/Lights/light_celing_2.prefab
  artifactKey: Guid(e15828603e27c5e42b39860e4f55da70) Importer(815301076,1909f56bfc062723c751e8b465ee728b)
Start importing Assets/Sci-Fi Styled Modular Pack/Prefabs/Lights/light_celing_2.prefab using Guid(e15828603e27c5e42b39860e4f55da70) Importer(815301076,1909f56bfc062723c751e8b465ee728b)  -> (artifact id: '94be3c0346263ca49e11ac92b8e2d2ca') in 0.147428 seconds 
========================================================================
Received Import Request.
  Time since last request: 0.000130 seconds.
  path: Assets/Sci-Fi Styled Modular Pack/Prefabs/Lights/light_wall_2_blue.prefab
  artifactKey: Guid(5412c75372d92be4484fa4a55b5c99e3) Importer(815301076,1909f56bfc062723c751e8b465ee728b)
Start importing Assets/Sci-Fi Styled Modular Pack/Prefabs/Lights/light_wall_2_blue.prefab using Guid(5412c75372d92be4484fa4a55b5c99e3) Importer(815301076,1909f56bfc062723c751e8b465ee728b)  -> (artifact id: 'd5904a223621bfc756887fe1196c63f0') in 0.093946 seconds 
========================================================================
Received Import Request.
  Time since last request: 0.000056 seconds.
  path: Assets/Sci-Fi Styled Modular Pack/Prefabs/Lights/light_corner_1.prefab
  artifactKey: Guid(43373d8b4f572cf468859751b9dcbbfd) Importer(815301076,1909f56bfc062723c751e8b465ee728b)
Start importing Assets/Sci-Fi Styled Modular Pack/Prefabs/Lights/light_corner_1.prefab using Guid(43373d8b4f572cf468859751b9dcbbfd) Importer(815301076,1909f56bfc062723c751e8b465ee728b)  -> (artifact id: 'b36e385baa09f67f111ac16fbcb8cf26') in 0.154138 seconds 
========================================================================
Received Import Request.
  Time since last request: 0.000042 seconds.
  path: Assets/Sci-Fi Styled Modular Pack/Prefabs/Lights/light_wall_1.prefab
  artifactKey: Guid(bf47bd9e279487a4ca3d6f7a10492900) Importer(815301076,1909f56bfc062723c751e8b465ee728b)
Start importing Assets/Sci-Fi Styled Modular Pack/Prefabs/Lights/light_wall_1.prefab using Guid(bf47bd9e279487a4ca3d6f7a10492900) Importer(815301076,1909f56bfc062723c751e8b465ee728b)  -> (artifact id: '12cb8729f7ee1d9170d1d022a5defedd') in 0.264836 seconds 
========================================================================
Received Import Request.
  Time since last request: 0.000040 seconds.
  path: Assets/Sci-Fi Styled Modular Pack/Prefabs/Lights/light_wall_3_blue.prefab
  artifactKey: Guid(8b5797a18349fb546be8acddc71151ff) Importer(815301076,1909f56bfc062723c751e8b465ee728b)
Start importing Assets/Sci-Fi Styled Modular Pack/Prefabs/Lights/light_wall_3_blue.prefab using Guid(8b5797a18349fb546be8acddc71151ff) Importer(815301076,1909f56bfc062723c751e8b465ee728b)  -> (artifact id: '326ceb6186f68e37074472c01c760504') in 0.083462 seconds 
========================================================================
Received Import Request.
  Time since last request: 1.959439 seconds.
  path: Assets/Sci-Fi Styled Modular Pack/Prefabs/Machines/Battery_big.prefab
  artifactKey: Guid(77c6276b63956c9439d917f842b9eeb0) Importer(815301076,1909f56bfc062723c751e8b465ee728b)
Start importing Assets/Sci-Fi Styled Modular Pack/Prefabs/Machines/Battery_big.prefab using Guid(77c6276b63956c9439d917f842b9eeb0) Importer(815301076,1909f56bfc062723c751e8b465ee728b)  -> (artifact id: 'dbf4d395d5b7987aa4d49127bb402438') in 0.075690 seconds 
========================================================================
Received Import Request.
  Time since last request: 0.000038 seconds.
  path: Assets/Sci-Fi Styled Modular Pack/Prefabs/Machines/storage_container_big.prefab
  artifactKey: Guid(c944460b7f1a8ef47b05ebec140bdd17) Importer(815301076,1909f56bfc062723c751e8b465ee728b)
Start importing Assets/Sci-Fi Styled Modular Pack/Prefabs/Machines/storage_container_big.prefab using Guid(c944460b7f1a8ef47b05ebec140bdd17) Importer(815301076,1909f56bfc062723c751e8b465ee728b)  -> (artifact id: '51e3270221abc28d790f9997bd1756b6') in 0.080822 seconds 
========================================================================
Received Import Request.
  Time since last request: 0.000990 seconds.
  path: Assets/Sci-Fi Styled Modular Pack/Prefabs/Machines/container_small.prefab
  artifactKey: Guid(6456a4784f31cab439d29b7e3bb286a4) Importer(815301076,1909f56bfc062723c751e8b465ee728b)
Start importing Assets/Sci-Fi Styled Modular Pack/Prefabs/Machines/container_small.prefab using Guid(6456a4784f31cab439d29b7e3bb286a4) Importer(815301076,1909f56bfc062723c751e8b465ee728b)  -> (artifact id: '0d5c9ebcebb8a50d4b78ada82d4dcd0f') in 0.112447 seconds 
========================================================================
Received Import Request.
  Time since last request: 0.036131 seconds.
  path: Assets/Sci-Fi Styled Modular Pack/Prefabs/Machines/Capacitor.prefab
  artifactKey: Guid(888614259d2d71142a4ba0b538e54caf) Importer(815301076,1909f56bfc062723c751e8b465ee728b)
Start importing Assets/Sci-Fi Styled Modular Pack/Prefabs/Machines/Capacitor.prefab using Guid(888614259d2d71142a4ba0b538e54caf) Importer(815301076,1909f56bfc062723c751e8b465ee728b)  -> (artifact id: 'dab352517604cfec2c51415174dedb06') in 0.058529 seconds 
========================================================================
Received Import Request.
  Time since last request: 0.004470 seconds.
  path: Assets/Sci-Fi Styled Modular Pack/Prefabs/Machines/projector_2.prefab
  artifactKey: Guid(b09ac1c0cceeaae479323b022bfe74b1) Importer(815301076,1909f56bfc062723c751e8b465ee728b)
Start importing Assets/Sci-Fi Styled Modular Pack/Prefabs/Machines/projector_2.prefab using Guid(b09ac1c0cceeaae479323b022bfe74b1) Importer(815301076,1909f56bfc062723c751e8b465ee728b)  -> (artifact id: '3c22ca971d33dfe41a9d1d16d62c93b5') in 0.089829 seconds 
========================================================================
Received Import Request.
  Time since last request: 0.000042 seconds.
  path: Assets/Sci-Fi Styled Modular Pack/Prefabs/Machines/container_big.prefab
  artifactKey: Guid(9d79238e340446545b920b58f2cd9574) Importer(815301076,1909f56bfc062723c751e8b465ee728b)
Start importing Assets/Sci-Fi Styled Modular Pack/Prefabs/Machines/container_big.prefab using Guid(9d79238e340446545b920b58f2cd9574) Importer(815301076,1909f56bfc062723c751e8b465ee728b)  -> (artifact id: '00f9f387290ca7da4f85215657d3bad9') in 0.072824 seconds 
========================================================================
Received Import Request.
  Time since last request: 0.000097 seconds.
  path: Assets/Sci-Fi Styled Modular Pack/Prefabs/Machines/generator.prefab
  artifactKey: Guid(562f0bb8ba91fe844baf976e5806516d) Importer(815301076,1909f56bfc062723c751e8b465ee728b)
Start importing Assets/Sci-Fi Styled Modular Pack/Prefabs/Machines/generator.prefab using Guid(562f0bb8ba91fe844baf976e5806516d) Importer(815301076,1909f56bfc062723c751e8b465ee728b)  -> (artifact id: '1c24238a4954576462bf8008fa92c251') in 0.054689 seconds 
========================================================================
Received Import Request.
  Time since last request: 0.000269 seconds.
  path: Assets/Sci-Fi Styled Modular Pack/Prefabs/Machines/projector stars.prefab
  artifactKey: Guid(496fa247adc61d44ebaeaf9d72671287) Importer(815301076,1909f56bfc062723c751e8b465ee728b)
Start importing Assets/Sci-Fi Styled Modular Pack/Prefabs/Machines/projector stars.prefab using Guid(496fa247adc61d44ebaeaf9d72671287) Importer(815301076,1909f56bfc062723c751e8b465ee728b)  -> (artifact id: '1c97ea6dd00ecd0ff079fb7e53f05a83') in 0.069118 seconds 
========================================================================
Received Import Request.
  Time since last request: 0.000034 seconds.
  path: Assets/Sci-Fi Styled Modular Pack/Prefabs/Machines/shield_generator.prefab
  artifactKey: Guid(3705bd4c1b398ea4ba0413ef903772cc) Importer(815301076,1909f56bfc062723c751e8b465ee728b)
Start importing Assets/Sci-Fi Styled Modular Pack/Prefabs/Machines/shield_generator.prefab using Guid(3705bd4c1b398ea4ba0413ef903772cc) Importer(815301076,1909f56bfc062723c751e8b465ee728b)  -> (artifact id: 'd173ce859929f2df767d92a5457f89f3') in 0.075148 seconds 
========================================================================
Received Import Request.
  Time since last request: 0.000262 seconds.
  path: Assets/Sci-Fi Styled Modular Pack/Prefabs/Machines/torpedo_docking_station_1_side.prefab
  artifactKey: Guid(9d50504942943bc4db8140046bd7ee95) Importer(815301076,1909f56bfc062723c751e8b465ee728b)
Start importing Assets/Sci-Fi Styled Modular Pack/Prefabs/Machines/torpedo_docking_station_1_side.prefab using Guid(9d50504942943bc4db8140046bd7ee95) Importer(815301076,1909f56bfc062723c751e8b465ee728b)  -> (artifact id: '9e390cb7cd91f511c21fa187cecb8310') in 0.064169 seconds 
========================================================================
Received Import Request.
  Time since last request: 0.005170 seconds.
  path: Assets/Sci-Fi Styled Modular Pack/Prefabs/Machines/rotor.prefab
  artifactKey: Guid(cd918f355f278d740a893b9a8b49a85c) Importer(815301076,1909f56bfc062723c751e8b465ee728b)
Start importing Assets/Sci-Fi Styled Modular Pack/Prefabs/Machines/rotor.prefab using Guid(cd918f355f278d740a893b9a8b49a85c) Importer(815301076,1909f56bfc062723c751e8b465ee728b)  -> (artifact id: '9062b9c75bd5b2b1fbf1307be978a0f6') in 0.054744 seconds 
========================================================================
Received Import Request.
  Time since last request: 0.000046 seconds.
  path: Assets/Sci-Fi Styled Modular Pack/Prefabs/Machines/storage_container_small.prefab
  artifactKey: Guid(777d150aa6d8e1d48bcaea831bed7072) Importer(815301076,1909f56bfc062723c751e8b465ee728b)
Start importing Assets/Sci-Fi Styled Modular Pack/Prefabs/Machines/storage_container_small.prefab using Guid(777d150aa6d8e1d48bcaea831bed7072) Importer(815301076,1909f56bfc062723c751e8b465ee728b)  -> (artifact id: '034d2f747627f96832eee7402569203a') in 0.046566 seconds 
========================================================================
Received Import Request.
  Time since last request: 0.000042 seconds.
  path: Assets/Sci-Fi Styled Modular Pack/Prefabs/Machines/Battery_medium.prefab
  artifactKey: Guid(98f508b556c380a4e89204f95af2d3da) Importer(815301076,1909f56bfc062723c751e8b465ee728b)
Start importing Assets/Sci-Fi Styled Modular Pack/Prefabs/Machines/Battery_medium.prefab using Guid(98f508b556c380a4e89204f95af2d3da) Importer(815301076,1909f56bfc062723c751e8b465ee728b)  -> (artifact id: 'b6b16da66fb7225ee36f644c77531467') in 0.120798 seconds 
========================================================================
Received Import Request.
  Time since last request: 0.000042 seconds.
  path: Assets/Sci-Fi Styled Modular Pack/Prefabs/Machines/torpedo.prefab
  artifactKey: Guid(26f7afb3718727245a184c5904ea5cfa) Importer(815301076,1909f56bfc062723c751e8b465ee728b)
Start importing Assets/Sci-Fi Styled Modular Pack/Prefabs/Machines/torpedo.prefab using Guid(26f7afb3718727245a184c5904ea5cfa) Importer(815301076,1909f56bfc062723c751e8b465ee728b)  -> (artifact id: 'a6652f6677b762abcae12b5d54e403d8') in 0.038633 seconds 
========================================================================
Received Import Request.
  Time since last request: 0.000140 seconds.
  path: Assets/Sci-Fi Styled Modular Pack/Prefabs/Machines/projector.prefab
  artifactKey: Guid(3517d6179b17d7d41b2ab3881cb2cd67) Importer(815301076,1909f56bfc062723c751e8b465ee728b)
Start importing Assets/Sci-Fi Styled Modular Pack/Prefabs/Machines/projector.prefab using Guid(3517d6179b17d7d41b2ab3881cb2cd67) Importer(815301076,1909f56bfc062723c751e8b465ee728b)  -> (artifact id: 'b500d4dabb26137cc15bca1dd4683736') in 0.171257 seconds 
========================================================================
Received Import Request.
  Time since last request: 0.000062 seconds.
  path: Assets/Sci-Fi Styled Modular Pack/Prefabs/Machines/torpedo_docking_station_2_side.prefab
  artifactKey: Guid(e15141fc92cd7b947a0d7d838f1ffb48) Importer(815301076,1909f56bfc062723c751e8b465ee728b)
Start importing Assets/Sci-Fi Styled Modular Pack/Prefabs/Machines/torpedo_docking_station_2_side.prefab using Guid(e15141fc92cd7b947a0d7d838f1ffb48) Importer(815301076,1909f56bfc062723c751e8b465ee728b)  -> (artifact id: '6447095ecc2cc4e2ce50627d305ff02a') in 0.169372 seconds 
Editor requested this worker to shutdown with reason: Scaling down because of idle timeout
AssetImportWorkerClient::OnTransportError - code=2 error=End of file
AssetImportWorker is now disconnected from the server
Process exiting
Exiting without the bug reporter. Application will terminate with return code 0