Using pre-set license
Built from '2021.3/staging' branch; Version is '2021.3.18f1 (3129e69bc0c7) revision 3221990'; Using compiler version '192829333'; Build Type 'Release'
OS: 'Windows 11  (10.0.22621) 64bit Professional' Language: 'es' Physical Memory: 8089 MB
BatchMode: 1, IsHumanControllingUs: 0, StartBugReporterOnCrash: 0, Is64bit: 1, IsPro: 1

COMMAND LINE ARGUMENTS:
C:\Program Files\Unity\Hub\Editor\2021.3.18f1\Editor\Unity.exe
-adb2
-batchMode
-noUpm
-name
AssetImportWorker0
-projectPath
C:/Users/sinle/Downloads/Avance-1-main/Avance 1
-logFile
Logs/AssetImportWorker0.log
-srvPort
55742
Successfully changed project path to: C:/Users/sinle/Downloads/Avance-1-main/Avance 1
C:/Users/sinle/Downloads/Avance-1-main/Avance 1
[UnityMemory] Configuration Parameters - Can be set up in boot.config
    "memorysetup-bucket-allocator-granularity=16"
    "memorysetup-bucket-allocator-bucket-count=8"
    "memorysetup-bucket-allocator-block-size=33554432"
    "memorysetup-bucket-allocator-block-count=8"
    "memorysetup-main-allocator-block-size=16777216"
    "memorysetup-thread-allocator-block-size=16777216"
    "memorysetup-gfx-main-allocator-block-size=16777216"
    "memorysetup-gfx-thread-allocator-block-size=16777216"
    "memorysetup-cache-allocator-block-size=4194304"
    "memorysetup-typetree-allocator-block-size=2097152"
    "memorysetup-profiler-bucket-allocator-granularity=16"
    "memorysetup-profiler-bucket-allocator-bucket-count=8"
    "memorysetup-profiler-bucket-allocator-block-size=33554432"
    "memorysetup-profiler-bucket-allocator-block-count=8"
    "memorysetup-profiler-allocator-block-size=16777216"
    "memorysetup-profiler-editor-allocator-block-size=1048576"
    "memorysetup-temp-allocator-size-main=16777216"
    "memorysetup-job-temp-allocator-block-size=2097152"
    "memorysetup-job-temp-allocator-block-size-background=1048576"
    "memorysetup-job-temp-allocator-reduction-small-platforms=262144"
    "memorysetup-temp-allocator-size-background-worker=32768"
    "memorysetup-temp-allocator-size-job-worker=262144"
    "memorysetup-temp-allocator-size-preload-manager=33554432"
    "memorysetup-temp-allocator-size-nav-mesh-worker=65536"
    "memorysetup-temp-allocator-size-audio-worker=65536"
    "memorysetup-temp-allocator-size-cloud-worker=32768"
    "memorysetup-temp-allocator-size-gi-baking-worker=262144"
    "memorysetup-temp-allocator-size-gfx=262144"
Player connection [2420] Host "[IP] 172.19.80.1 [Port] 0 [Flags] 2 [Guid] 516028187 [EditorId] 516028187 [Version] 1048832 [Id] WindowsEditor(7,LEVIN) [Debug] 1 [PackageName] WindowsEditor [ProjectName] Editor" joined multi-casting on [225.0.0.222:54997]...

Player connection [2420] Host "[IP] 172.19.80.1 [Port] 0 [Flags] 2 [Guid] 516028187 [EditorId] 516028187 [Version] 1048832 [Id] WindowsEditor(7,LEVIN) [Debug] 1 [PackageName] WindowsEditor [ProjectName] Editor" joined alternative multi-casting on [225.0.0.222:34997]...

Refreshing native plugins compatible for Editor in 161.36 ms, found 3 plugins.
Preloading 0 native plugins for Editor in 0.00 ms.
Initialize engine version: 2021.3.18f1 (3129e69bc0c7)
[Subsystems] Discovering subsystems at path C:/Program Files/Unity/Hub/Editor/2021.3.18f1/Editor/Data/Resources/UnitySubsystems
[Subsystems] Discovering subsystems at path C:/Users/sinle/Downloads/Avance-1-main/Avance 1/Assets
GfxDevice: creating device client; threaded=0; jobified=0
Direct3D:
    Version:  Direct3D 11.0 [level 11.1]
    Renderer: AMD Radeon (TM) HD 8500M/8700M (ID=0x6601)
    Vendor:   ATI
    VRAM:     1004 MB
    Driver:   27.20.20912.1002
Initialize mono
Mono path[0] = 'C:/Program Files/Unity/Hub/Editor/2021.3.18f1/Editor/Data/Managed'
Mono path[1] = 'C:/Program Files/Unity/Hub/Editor/2021.3.18f1/Editor/Data/MonoBleedingEdge/lib/mono/unityjit-win32'
Mono config path = 'C:/Program Files/Unity/Hub/Editor/2021.3.18f1/Editor/Data/MonoBleedingEdge/etc'
Using monoOptions --debugger-agent=transport=dt_socket,embedding=1,server=y,suspend=n,address=127.0.0.1:56064
Begin MonoManager ReloadAssembly
Registering precompiled unity dll's ...
Register platform support module: C:/Program Files/Unity/Hub/Editor/2021.3.18f1/Editor/Data/PlaybackEngines/WindowsStandaloneSupport/UnityEditor.WindowsStandalone.Extensions.dll
Registered in 0.010866 seconds.
Native extension for WindowsStandalone target not found
Refreshing native plugins compatible for Editor in 325.14 ms, found 3 plugins.
Preloading 0 native plugins for Editor in 0.00 ms.
Mono: successfully reloaded assembly
- Completed reload, in  2.227 seconds
Domain Reload Profiling:
	ReloadAssembly (2228ms)
		BeginReloadAssembly (235ms)
			ExecutionOrderSort (0ms)
			DisableScriptedObjects (0ms)
			BackupInstance (0ms)
			ReleaseScriptingObjects (0ms)
			CreateAndSetChildDomain (1ms)
		EndReloadAssembly (1616ms)
			LoadAssemblies (231ms)
			RebuildTransferFunctionScriptingTraits (0ms)
			SetupTypeCache (476ms)
			ReleaseScriptCaches (0ms)
			RebuildScriptCaches (83ms)
			SetupLoadedEditorAssemblies (912ms)
				LogAssemblyErrors (0ms)
				InitializePlatformSupportModulesInManaged (18ms)
				SetLoadedEditorAssemblies (0ms)
				RefreshPlugins (325ms)
				BeforeProcessingInitializeOnLoad (3ms)
				ProcessInitializeOnLoadAttributes (396ms)
				ProcessInitializeOnLoadMethodAttributes (169ms)
				AfterProcessingInitializeOnLoad (0ms)
				EditorAssembliesLoaded (0ms)
			ExecutionOrderSort2 (0ms)
			AwakeInstancesAfterBackupRestoration (0ms)
Platform modules already initialized, skipping
Registering precompiled user dll's ...
Registered in 0.009627 seconds.
Begin MonoManager ReloadAssembly
Symbol file LoadedFromMemory doesn't match image C:\Users\sinle\Downloads\Avance-1-main\Avance 1\Library\PackageCache\com.unity.visualscripting@1.8.0\Editor\VisualScripting.Core\Dependencies\YamlDotNet\Unity.VisualScripting.YamlDotNet.dll
Symbol file LoadedFromMemory doesn't match image C:\Users\sinle\Downloads\Avance-1-main\Avance 1\Library\PackageCache\com.unity.visualscripting@1.8.0\Editor\VisualScripting.Core\Dependencies\DotNetZip\Unity.VisualScripting.IonicZip.dll
Native extension for WindowsStandalone target not found
Refreshing native plugins compatible for Editor in 1.73 ms, found 3 plugins.
Preloading 0 native plugins for Editor in 0.00 ms.
Mono: successfully reloaded assembly
- Completed reload, in 10.484 seconds
Domain Reload Profiling:
	ReloadAssembly (10486ms)
		BeginReloadAssembly (321ms)
			ExecutionOrderSort (0ms)
			DisableScriptedObjects (16ms)
			BackupInstance (0ms)
			ReleaseScriptingObjects (0ms)
			CreateAndSetChildDomain (43ms)
		EndReloadAssembly (3324ms)
			LoadAssemblies (248ms)
			RebuildTransferFunctionScriptingTraits (0ms)
			SetupTypeCache (1805ms)
			ReleaseScriptCaches (2ms)
			RebuildScriptCaches (157ms)
			SetupLoadedEditorAssemblies (944ms)
				LogAssemblyErrors (0ms)
				InitializePlatformSupportModulesInManaged (13ms)
				SetLoadedEditorAssemblies (1ms)
				RefreshPlugins (2ms)
				BeforeProcessingInitializeOnLoad (237ms)
				ProcessInitializeOnLoadAttributes (632ms)
				ProcessInitializeOnLoadMethodAttributes (42ms)
				AfterProcessingInitializeOnLoad (16ms)
				EditorAssembliesLoaded (0ms)
			ExecutionOrderSort2 (0ms)
			AwakeInstancesAfterBackupRestoration (15ms)
Platform modules already initialized, skipping
========================================================================
Worker process is ready to serve import requests
Launched and connected shader compiler UnityShaderCompiler.exe after 0.09 seconds
Refreshing native plugins compatible for Editor in 4.01 ms, found 3 plugins.
Preloading 0 native plugins for Editor in 0.00 ms.
Unloading 3049 Unused Serialized files (Serialized files now loaded: 0)
Unloading 24 unused Assets / (113.8 KB). Loaded Objects now: 3509.
Memory consumption went from 107.6 MB to 107.5 MB.
Total: 11.825200 ms (FindLiveObjects: 0.602600 ms CreateObjectMapping: 0.302300 ms MarkObjects: 10.649800 ms  DeleteObjects: 0.268400 ms)

AssetImportParameters requested are different than current active one (requested -> active):
  custom:video-decoder-ogg-theora: a1e56fd34408186e4bbccfd4996cb3dc -> 
  custom:container-muxer-webm: aa71ff27fc2769a1b78a27578f13a17b -> 
  custom:container-demuxer-webm: 4f35f7cbe854078d1ac9338744f61a02 -> 
  custom:video-encoder-webm-vp8: eb34c28f22e8b96e1ab97ce403110664 -> 
  custom:video-codec-MediaFoundation-h265: 746d11721c4dcdbdad8f713fa42b33f4 -> 
  custom:audio-encoder-webm-vorbis: bf7c407c2cedff20999df2af8eb42d56 -> 
  custom:framework-win-MediaFoundation: 216162199b28c13a410421893ffa2e32 -> 
  custom:container-demuxer-ogg: 62fdf1f143b41e24485cea50d1cbac27 -> 
  custom:video-decoder-webm-vp8: 9c59270c3fd7afecdb556c50c9e8de78 -> 
  custom:audio-decoder-ogg-vorbis: bf7c407c2cedff20999df2af8eb42d56 -> 
========================================================================
Received Import Request.
  Time since last request: 6705.565402 seconds.
  path: Assets/Sci-Fi Styled Modular Pack/Materials/nature_leaves.mat
  artifactKey: Guid(5d84bcb5cc458944085f3169d277536d) Importer(815301076,1909f56bfc062723c751e8b465ee728b)
Start importing Assets/Sci-Fi Styled Modular Pack/Materials/nature_leaves.mat using Guid(5d84bcb5cc458944085f3169d277536d) Importer(815301076,1909f56bfc062723c751e8b465ee728b)  -> (artifact id: 'fa914b92a94cd824a6e1c25fe05f6d4d') in 0.896978 seconds 
========================================================================
Received Import Request.
  Time since last request: 0.000063 seconds.
  path: Assets/Sci-Fi Styled Modular Pack/Materials/white emision.mat
  artifactKey: Guid(6b6dfd77776c54a4781ec8cab4d87860) Importer(815301076,1909f56bfc062723c751e8b465ee728b)
Start importing Assets/Sci-Fi Styled Modular Pack/Materials/white emision.mat using Guid(6b6dfd77776c54a4781ec8cab4d87860) Importer(815301076,1909f56bfc062723c751e8b465ee728b)  -> (artifact id: '28af5c07a3b79097006da0e9be4a9005') in 0.085693 seconds 
========================================================================
Received Import Request.
  Time since last request: 0.000060 seconds.
  path: Assets/Sci-Fi Styled Modular Pack/Materials/screen.mat
  artifactKey: Guid(bf1464b84bb76b44abb088d5a41acfee) Importer(815301076,1909f56bfc062723c751e8b465ee728b)
Start importing Assets/Sci-Fi Styled Modular Pack/Materials/screen.mat using Guid(bf1464b84bb76b44abb088d5a41acfee) Importer(815301076,1909f56bfc062723c751e8b465ee728b)  -> (artifact id: '961bc558c399139e121c625955d9c0e1') in 0.081294 seconds 
========================================================================
Received Import Request.
  Time since last request: 0.000040 seconds.
  path: Assets/Sci-Fi Styled Modular Pack/Materials/hologram.mat
  artifactKey: Guid(e305453a48fa58446882f6671dfa0d58) Importer(815301076,1909f56bfc062723c751e8b465ee728b)
Start importing Assets/Sci-Fi Styled Modular Pack/Materials/hologram.mat using Guid(e305453a48fa58446882f6671dfa0d58) Importer(815301076,1909f56bfc062723c751e8b465ee728b)  -> (artifact id: '5e3de4042f87f8b6f04a904086731c6a') in 0.837569 seconds 
========================================================================
Received Import Request.
  Time since last request: 0.000043 seconds.
  path: Assets/Sci-Fi Styled Modular Pack/Materials/lattice floor.mat
  artifactKey: Guid(62dcf96e239eb0d4db44cbe622abf152) Importer(815301076,1909f56bfc062723c751e8b465ee728b)
Start importing Assets/Sci-Fi Styled Modular Pack/Materials/lattice floor.mat using Guid(62dcf96e239eb0d4db44cbe622abf152) Importer(815301076,1909f56bfc062723c751e8b465ee728b)  -> (artifact id: 'ba33cdf243f19cab40fd6bba301b07e6') in 0.619537 seconds 
========================================================================
Received Prepare
Registering precompiled user dll's ...
Registered in 0.011762 seconds.
Begin MonoManager ReloadAssembly
Symbol file LoadedFromMemory doesn't match image C:\Users\sinle\Downloads\Avance-1-main\Avance 1\Library\PackageCache\com.unity.visualscripting@1.8.0\Editor\VisualScripting.Core\Dependencies\YamlDotNet\Unity.VisualScripting.YamlDotNet.dll
Symbol file LoadedFromMemory doesn't match image C:\Users\sinle\Downloads\Avance-1-main\Avance 1\Library\PackageCache\com.unity.visualscripting@1.8.0\Editor\VisualScripting.Core\Dependencies\DotNetZip\Unity.VisualScripting.IonicZip.dll
Native extension for WindowsStandalone target not found
Refreshing native plugins compatible for Editor in 1.32 ms, found 3 plugins.
Preloading 0 native plugins for Editor in 0.00 ms.
Mono: successfully reloaded assembly
- Completed reload, in  7.787 seconds
Domain Reload Profiling:
	ReloadAssembly (7789ms)
		BeginReloadAssembly (1322ms)
			ExecutionOrderSort (0ms)
			DisableScriptedObjects (16ms)
			BackupInstance (0ms)
			ReleaseScriptingObjects (0ms)
			CreateAndSetChildDomain (272ms)
		EndReloadAssembly (5881ms)
			LoadAssemblies (906ms)
			RebuildTransferFunctionScriptingTraits (0ms)
			SetupTypeCache (2400ms)
			ReleaseScriptCaches (5ms)
			RebuildScriptCaches (416ms)
			SetupLoadedEditorAssemblies (2138ms)
				LogAssemblyErrors (0ms)
				InitializePlatformSupportModulesInManaged (71ms)
				SetLoadedEditorAssemblies (4ms)
				RefreshPlugins (1ms)
				BeforeProcessingInitializeOnLoad (478ms)
				ProcessInitializeOnLoadAttributes (1221ms)
				ProcessInitializeOnLoadMethodAttributes (331ms)
				AfterProcessingInitializeOnLoad (30ms)
				EditorAssembliesLoaded (0ms)
			ExecutionOrderSort2 (0ms)
			AwakeInstancesAfterBackupRestoration (56ms)
Platform modules already initialized, skipping
Refreshing native plugins compatible for Editor in 7.19 ms, found 3 plugins.
Preloading 0 native plugins for Editor in 0.00 ms.
Unloading 3044 Unused Serialized files (Serialized files now loaded: 0)
Unloading 17 unused Assets / (80.1 KB). Loaded Objects now: 3555.
Memory consumption went from 112.2 MB to 112.2 MB.
Total: 13.775100 ms (FindLiveObjects: 0.582400 ms CreateObjectMapping: 0.499400 ms MarkObjects: 12.519700 ms  DeleteObjects: 0.171800 ms)

AssetImportParameters requested are different than current active one (requested -> active):
  custom:video-decoder-ogg-theora: a1e56fd34408186e4bbccfd4996cb3dc -> 
  custom:container-muxer-webm: aa71ff27fc2769a1b78a27578f13a17b -> 
  custom:container-demuxer-webm: 4f35f7cbe854078d1ac9338744f61a02 -> 
  custom:video-encoder-webm-vp8: eb34c28f22e8b96e1ab97ce403110664 -> 
  custom:video-codec-MediaFoundation-h265: 746d11721c4dcdbdad8f713fa42b33f4 -> 
  custom:audio-encoder-webm-vorbis: bf7c407c2cedff20999df2af8eb42d56 -> 
  custom:framework-win-MediaFoundation: 216162199b28c13a410421893ffa2e32 -> 
  custom:container-demuxer-ogg: 62fdf1f143b41e24485cea50d1cbac27 -> 
  custom:video-decoder-webm-vp8: 9c59270c3fd7afecdb556c50c9e8de78 -> 
  custom:audio-decoder-ogg-vorbis: bf7c407c2cedff20999df2af8eb42d56 -> 
Editor requested this worker to shutdown with reason: Scaling down because of idle timeout
AssetImportWorkerClient::OnTransportError - code=2 error=End of file
AssetImportWorker is now disconnected from the server
Process exiting
Exiting without the bug reporter. Application will terminate with return code 0